E:\damascene-0.1.1\damascene_win\damascene_win\Debug\cl.command.1.tlog
E:\damascene-0.1.1\damascene_win\damascene_win\Debug\CL.read.1.tlog
E:\damascene-0.1.1\damascene_win\damascene_win\Debug\CL.write.1.tlog
E:\damascene-0.1.1\damascene_win\damascene_win\Debug\combine.64.cu.cache
E:\damascene-0.1.1\damascene_win\damascene_win\Debug\combine.cu.cache
E:\damascene-0.1.1\damascene_win\damascene_win\Debug\combine.cu.obj
E:\damascene-0.1.1\damascene_win\damascene_win\Debug\combinemain.cu.cache
E:\damascene-0.1.1\damascene_win\damascene_win\Debug\convert.cu.cache
E:\damascene-0.1.1\damascene_win\damascene_win\Debug\convert.cu.obj
E:\damascene-0.1.1\damascene_win\damascene_win\Debug\convertmain.cu.cache
E:\damascene-0.1.1\damascene_win\damascene_win\Debug\cuda_common.cu.cache
E:\damascene-0.1.1\damascene_win\damascene_win\Debug\cuda_common.cu.obj
E:\damascene-0.1.1\damascene_win\damascene_win\Debug\damascene.cu.cache
E:\damascene-0.1.1\damascene_win\damascene_win\Debug\damascene.cu.obj
E:\DAMASCENE-0.1.1\DAMASCENE_WIN\DAMASCENE_WIN\DEBUG\DAMASCENE_WIN.EXE.EMBED.MANIFEST
E:\DAMASCENE-0.1.1\DAMASCENE_WIN\DAMASCENE_WIN\DEBUG\DAMASCENE_WIN.EXE.EMBED.MANIFEST.RES
E:\DAMASCENE-0.1.1\DAMASCENE_WIN\DAMASCENE_WIN\DEBUG\DAMASCENE_WIN.EXE.INTERMEDIATE.MANIFEST
E:\DAMASCENE-0.1.1\DAMASCENE_WIN\DAMASCENE_WIN\DEBUG\DAMASCENE_WIN.PCH
E:\damascene-0.1.1\damascene_win\damascene_win\Debug\damascene_win.vcxprojResolveAssemblyReference.cache
E:\damascene-0.1.1\damascene_win\damascene_win\Debug\damascene_win.write.1.tlog
E:\damascene-0.1.1\damascene_win\damascene_win\Debug\damascene_win_manifest.rc
E:\DAMASCENE-0.1.1\DAMASCENE_WIN\DAMASCENE_WIN\DEBUG\FILTERS.OBJ
E:\damascene-0.1.1\damascene_win\damascene_win\Debug\globalPb.cu.cache
E:\damascene-0.1.1\damascene_win\damascene_win\Debug\globalPb.cu.obj
E:\damascene-0.1.1\damascene_win\damascene_win\Debug\gpbmain.cu.cache
E:\damascene-0.1.1\damascene_win\damascene_win\Debug\gradient.64.cu.cache
E:\damascene-0.1.1\damascene_win\damascene_win\Debug\gradient.cu.cache
E:\damascene-0.1.1\damascene_win\damascene_win\Debug\gradient.cu.obj
E:\DAMASCENE-0.1.1\DAMASCENE_WIN\DAMASCENE_WIN\DEBUG\IMAGE_ENHANCE.OBJ
E:\damascene-0.1.1\damascene_win\damascene_win\Debug\intervening.cu.cache
E:\damascene-0.1.1\damascene_win\damascene_win\Debug\intervening.cu.obj
E:\damascene-0.1.1\damascene_win\damascene_win\Debug\interveningmain.cu.cache
E:\damascene-0.1.1\damascene_win\damascene_win\Debug\junction.cu.cache
E:\damascene-0.1.1\damascene_win\damascene_win\Debug\junction.cu.obj
E:\DAMASCENE-0.1.1\DAMASCENE_WIN\DAMASCENE_WIN\DEBUG\JUNCTION_CPP.OBJ
E:\damascene-0.1.1\damascene_win\damascene_win\Debug\kmeans.64.cu.cache
E:\damascene-0.1.1\damascene_win\damascene_win\Debug\kmeans.cu.cache
E:\damascene-0.1.1\damascene_win\damascene_win\Debug\kmeans.cu.obj
E:\damascene-0.1.1\damascene_win\damascene_win\Debug\kmeans_noatomics.cu.cache
E:\damascene-0.1.1\damascene_win\damascene_win\Debug\lanczos.cu.cache
E:\damascene-0.1.1\damascene_win\damascene_win\Debug\lanczos.cu.obj
E:\damascene-0.1.1\damascene_win\damascene_win\Debug\lanczosmain.cu.cache
E:\damascene-0.1.1\damascene_win\damascene_win\Debug\link.4868.read.1.tlog
E:\damascene-0.1.1\damascene_win\damascene_win\Debug\link.4868.write.1.tlog
E:\damascene-0.1.1\damascene_win\damascene_win\Debug\link.4868-cvtres.read.1.tlog
E:\damascene-0.1.1\damascene_win\damascene_win\Debug\link.4868-cvtres.write.1.tlog
E:\damascene-0.1.1\damascene_win\damascene_win\Debug\link.5336.read.1.tlog
E:\damascene-0.1.1\damascene_win\damascene_win\Debug\link.5336.write.1.tlog
E:\damascene-0.1.1\damascene_win\damascene_win\Debug\link.5336-cvtres.read.1.tlog
E:\damascene-0.1.1\damascene_win\damascene_win\Debug\link.5336-cvtres.write.1.tlog
E:\damascene-0.1.1\damascene_win\damascene_win\Debug\link.588.read.1.tlog
E:\damascene-0.1.1\damascene_win\damascene_win\Debug\link.588.write.1.tlog
E:\damascene-0.1.1\damascene_win\damascene_win\Debug\link.588-cvtres.read.1.tlog
E:\damascene-0.1.1\damascene_win\damascene_win\Debug\link.588-cvtres.write.1.tlog
E:\damascene-0.1.1\damascene_win\damascene_win\Debug\link.6716.read.1.tlog
E:\damascene-0.1.1\damascene_win\damascene_win\Debug\link.6716.write.1.tlog
E:\damascene-0.1.1\damascene_win\damascene_win\Debug\link.6716-cvtres.read.1.tlog
E:\damascene-0.1.1\damascene_win\damascene_win\Debug\link.6716-cvtres.write.1.tlog
E:\damascene-0.1.1\damascene_win\damascene_win\Debug\link.736.read.1.tlog
E:\damascene-0.1.1\damascene_win\damascene_win\Debug\link.736.write.1.tlog
E:\damascene-0.1.1\damascene_win\damascene_win\Debug\link.736-cvtres.read.1.tlog
E:\damascene-0.1.1\damascene_win\damascene_win\Debug\link.736-cvtres.write.1.tlog
E:\damascene-0.1.1\damascene_win\damascene_win\Debug\link.command.1.tlog
E:\damascene-0.1.1\damascene_win\damascene_win\Debug\link.read.1.tlog
E:\damascene-0.1.1\damascene_win\damascene_win\Debug\link.write.1.tlog
E:\damascene-0.1.1\damascene_win\damascene_win\Debug\link-cvtres.read.1.tlog
E:\damascene-0.1.1\damascene_win\damascene_win\Debug\link-cvtres.write.1.tlog
E:\DAMASCENE-0.1.1\DAMASCENE_WIN\DAMASCENE_WIN\DEBUG\LINUX_TIME.OBJ
E:\damascene-0.1.1\damascene_win\damascene_win\Debug\localcues.64.cu.cache
E:\damascene-0.1.1\damascene_win\damascene_win\Debug\localcues.cu.cache
E:\damascene-0.1.1\damascene_win\damascene_win\Debug\localcues.cu.obj
E:\damascene-0.1.1\damascene_win\damascene_win\Debug\localcuesmain.cu.cache
E:\damascene-0.1.1\damascene_win\damascene_win\Debug\localcuesmain.cu.obj
E:\damascene-0.1.1\damascene_win\damascene_win\Debug\main.cu.cache
E:\damascene-0.1.1\damascene_win\damascene_win\Debug\MemTest.cu.cache
E:\damascene-0.1.1\damascene_win\damascene_win\Debug\MemTest.cu.obj
E:\damascene-0.1.1\damascene_win\damascene_win\Debug\mt.command.1.tlog
E:\damascene-0.1.1\damascene_win\damascene_win\Debug\mt.read.1.tlog
E:\damascene-0.1.1\damascene_win\damascene_win\Debug\mt.write.1.tlog
E:\damascene-0.1.1\damascene_win\damascene_win\Debug\nonmax.cu.cache
E:\damascene-0.1.1\damascene_win\damascene_win\Debug\nonmax.cu.obj
E:\damascene-0.1.1\damascene_win\damascene_win\Debug\nonmaxmain.cu.cache
E:\damascene-0.1.1\damascene_win\damascene_win\Debug\parabola.cu.cache
E:\damascene-0.1.1\damascene_win\damascene_win\Debug\parabola.cu.obj
E:\damascene-0.1.1\damascene_win\damascene_win\Debug\postprocessmain.cu.cache
E:\damascene-0.1.1\damascene_win\damascene_win\Debug\rc.command.1.tlog
E:\damascene-0.1.1\damascene_win\damascene_win\Debug\rc.read.1.tlog
E:\damascene-0.1.1\damascene_win\damascene_win\Debug\rc.write.1.tlog
E:\damascene-0.1.1\damascene_win\damascene_win\Debug\rotate.64.cu.cache
E:\damascene-0.1.1\damascene_win\damascene_win\Debug\rotate.cu.cache
E:\damascene-0.1.1\damascene_win\damascene_win\Debug\rotate.cu.obj
E:\damascene-0.1.1\damascene_win\damascene_win\Debug\skeleton.cu.cache
E:\damascene-0.1.1\damascene_win\damascene_win\Debug\skeleton.cu.obj
E:\damascene-0.1.1\damascene_win\damascene_win\Debug\spbmain.cu.cache
E:\damascene-0.1.1\damascene_win\damascene_win\Debug\spectralPb.cu.cache
E:\damascene-0.1.1\damascene_win\damascene_win\Debug\spectralPb.cu.obj
E:\damascene-0.1.1\damascene_win\damascene_win\Debug\spectralPb_kernel.cu.cache
E:\DAMASCENE-0.1.1\DAMASCENE_WIN\DAMASCENE_WIN\DEBUG\STDAFX.OBJ
E:\DAMASCENE-0.1.1\DAMASCENE_WIN\DAMASCENE_WIN\DEBUG\STENCIL.OBJ
E:\damascene-0.1.1\damascene_win\damascene_win\Debug\stencilMVM.cu.cache
E:\damascene-0.1.1\damascene_win\damascene_win\Debug\stencilMVM.cu.obj
E:\damascene-0.1.1\damascene_win\damascene_win\Debug\texton.64.cu.cache
E:\damascene-0.1.1\damascene_win\damascene_win\Debug\texton.cu.cache
E:\damascene-0.1.1\damascene_win\damascene_win\Debug\texton.cu.obj
E:\damascene-0.1.1\damascene_win\damascene_win\Debug\textonFilterMain.cu.cache
E:\damascene-0.1.1\damascene_win\damascene_win\Debug\vc100.idb
E:\DAMASCENE-0.1.1\DAMASCENE_WIN\DAMASCENE_WIN\DEBUG\VC100.PDB
E:\DAMASCENE-0.1.1\DAMASCENE_WIN\DAMASCENE_WIN\DEBUG\WINDOWS_ACML.OBJ
E:\DAMASCENE-0.1.1\DAMASCENE_WIN\DEBUG\DAMASCENE_WIN.EXE
E:\DAMASCENE-0.1.1\DAMASCENE_WIN\DEBUG\DAMASCENE_WIN.ILK
E:\DAMASCENE-0.1.1\DAMASCENE_WIN\DEBUG\DAMASCENE_WIN.PDB
