Build started 2013/5/15 星期三 0:42:30.
     1>Project "E:\ct-contour-reconstruction\damascene_win\damascene_win.vcxproj" on node 2 (build target(s)).
     1>InitializeBuildStatus:
         Touching "Debug\damascene_win.unsuccessfulbuild".
       AddCudaCompileDeps:
       Skipping target "AddCudaCompileDeps" because all output files are up-to-date with respect to the input files.
       AddCudaCompileDeps:
       Skipping target "AddCudaCompileDeps" because all output files are up-to-date with respect to the input files.
       AddCudaCompileDeps:
       Skipping target "AddCudaCompileDeps" because all output files are up-to-date with respect to the input files.
       AddCudaCompileDeps:
       Skipping target "AddCudaCompileDeps" because all output files are up-to-date with respect to the input files.
       AddCudaCompileDeps:
       Skipping target "AddCudaCompileDeps" because all output files are up-to-date with respect to the input files.
       AddCudaCompileDeps:
       Skipping target "AddCudaCompileDeps" because all output files are up-to-date with respect to the input files.
       AddCudaCompileDeps:
       Skipping target "AddCudaCompileDeps" because all output files are up-to-date with respect to the input files.
       AddCudaCompileDeps:
       Skipping target "AddCudaCompileDeps" because all output files are up-to-date with respect to the input files.
       AddCudaCompileDeps:
       Skipping target "AddCudaCompileDeps" because all output files are up-to-date with respect to the input files.
       AddCudaCompileDeps:
       Skipping target "AddCudaCompileDeps" because all output files are up-to-date with respect to the input files.
       AddCudaCompileDeps:
       Skipping target "AddCudaCompileDeps" because all output files are up-to-date with respect to the input files.
       AddCudaCompileDeps:
       Skipping target "AddCudaCompileDeps" because all output files are up-to-date with respect to the input files.
       AddCudaCompileDeps:
       Skipping target "AddCudaCompileDeps" because all output files are up-to-date with respect to the input files.
       AddCudaCompileDeps:
       Skipping target "AddCudaCompileDeps" because all output files are up-to-date with respect to the input files.
       AddCudaCompileDeps:
       Skipping target "AddCudaCompileDeps" because all output files are up-to-date with respect to the input files.
       AddCudaCompileDeps:
       Skipping target "AddCudaCompileDeps" because all output files are up-to-date with respect to the input files.
       AddCudaCompileDeps:
       Skipping target "AddCudaCompileDeps" because all output files are up-to-date with respect to the input files.
       AddCudaCompileDeps:
       Skipping target "AddCudaCompileDeps" because all output files are up-to-date with respect to the input files.
       AddCudaCompileDeps:
       Skipping target "AddCudaCompileDeps" because all output files are up-to-date with respect to the input files.
       AddCudaCompileDeps:
       Skipping target "AddCudaCompileDeps" because all output files are up-to-date with respect to the input files.
       AddCudaCompileDeps:
       Skipping target "AddCudaCompileDeps" because all output files are up-to-date with respect to the input files.
       AddCudaCompileDeps:
       Skipping target "AddCudaCompileDeps" because all output files are up-to-date with respect to the input files.
       AddCudaCompileDeps:
       Skipping target "AddCudaCompileDeps" because all output files are up-to-date with respect to the input files.
       CudaBuild:
         Skipping CUDA source file combine\combine.64.cu (excluded from build).
       CudaBuild:
       Skipping target "CudaBuild" because all output files are up-to-date with respect to the input files.
       CudaBuild:
         Skipping CUDA source file combine\combinemain.cu (excluded from build).
       CudaBuild:
       Skipping target "CudaBuild" because all output files are up-to-date with respect to the input files.
       CudaBuild:
       Skipping target "CudaBuild" because all output files are up-to-date with respect to the input files.
       CudaBuild:
         Skipping CUDA source file convert\convertmain.cu (excluded from build).
       CudaBuild:
       Skipping target "CudaBuild" because all output files are up-to-date with respect to the input files.
       CudaBuild:
       Skipping target "CudaBuild" because all output files are up-to-date with respect to the input files.
       CudaBuild:
       Skipping target "CudaBuild" because all output files are up-to-date with respect to the input files.
       CudaBuild:
         Skipping CUDA source file gPb\gpbmain.cu (excluded from build).
       CudaBuild:
       Skipping target "CudaBuild" because all output files are up-to-date with respect to the input files.
       CudaBuild:
         Skipping CUDA source file intervening\interveningmain.cu (excluded from build).
       CudaBuild:
       Skipping target "CudaBuild" because all output files are up-to-date with respect to the input files.
       CudaBuild:
         Skipping CUDA source file localcues\gradient.64.cu (excluded from build).
       CudaBuild:
       Skipping target "CudaBuild" because all output files are up-to-date with respect to the input files.
       CudaBuild:
         Skipping CUDA source file localcues\localcues.64.cu (excluded from build).
       CudaBuild:
       Skipping target "CudaBuild" because all output files are up-to-date with respect to the input files.
       CudaBuild:
         Skipping CUDA source file localcues\localcuesmain.cu (excluded from build).
       CudaBuild:
       Skipping target "CudaBuild" because all output files are up-to-date with respect to the input files.
       CudaBuild:
         Skipping CUDA source file localcues\rotate.64.cu (excluded from build).
       CudaBuild:
       Skipping target "CudaBuild" because all output files are up-to-date with respect to the input files.
       CudaBuild:
         Skipping CUDA source file MemTest.cu (excluded from build).
       CudaBuild:
       Skipping target "CudaBuild" because all output files are up-to-date with respect to the input files.
       CudaBuild:
         Skipping CUDA source file nonmax\nonmaxmain.cu (excluded from build).
       CudaBuild:
       Skipping target "CudaBuild" because all output files are up-to-date with respect to the input files.
       CudaBuild:
       Skipping target "CudaBuild" because all output files are up-to-date with respect to the input files.
       CudaBuild:
         Skipping CUDA source file noReorthog\spectralPb_kernel.cu (excluded from build).
       CudaBuild:
       Skipping target "CudaBuild" because all output files are up-to-date with respect to the input files.
       CudaBuild:
         Skipping CUDA source file postprocess\postprocessmain.cu (excluded from build).
       CudaBuild:
       Skipping target "CudaBuild" because all output files are up-to-date with respect to the input files.
       CudaBuild:
         Skipping CUDA source file sPb\spbmain.cu (excluded from build).
       CudaBuild:
       Skipping target "CudaBuild" because all output files are up-to-date with respect to the input files.
       CudaBuild:
       Skipping target "CudaBuild" because all output files are up-to-date with respect to the input files.
       CudaBuild:
         Skipping CUDA source file textons\kmeans.64.cu (excluded from build).
       CudaBuild:
       Skipping target "CudaBuild" because all output files are up-to-date with respect to the input files.
       CudaBuild:
         Skipping CUDA source file textons\kmeans_noatomics.cu (excluded from build).
       CudaBuild:
         Skipping CUDA source file textons\texton.64.cu (excluded from build).
       CudaBuild:
       Skipping target "CudaBuild" because all output files are up-to-date with respect to the input files.
       CudaBuild:
         Skipping CUDA source file textons\textonFilterMain.cu (excluded from build).
       CudaBuild:
       Skipping target "CudaBuild" because all output files are up-to-date with respect to the input files.
       CudaBuild:
       Skipping target "CudaBuild" because all output files are up-to-date with respect to the input files.
       ClCompile:
         C:\Program Files (x86)\Microsoft Visual Studio 10.0\VC\bin\CL.exe /c /I"C:\Program Files\NVIDIA GPU Computing Toolkit\CUDA\v5.0\include" /I"C:\ProgramData\NVIDIA Corporation\NVIDIA GPU Computing SDK 5.0\C\common\inc" /I"C:\ProgramData\NVIDIA Corporation\CUDA Samples\v5.0\common\inc" /I.\include /I.\ /I..\lapacke\include /I..\getopt9\include /I..\cutil\include /ZI /nologo /W3 /WX- /MP /Od /Oy- /D WIN32 /D _DEBUG /D _CONSOLE /D HAVE_LAPACK_CONFIG_H /D LAPACK_COMPLEX_STRUCTURE /D ADD_ /D _MBCS /Gm- /EHsc /RTC1 /MTd /GS /fp:precise /Zc:wchar_t /Zc:forScope /Yc"StdAfx.h" /Fp"Debug\damascene_win.pch" /Fo"Debug\\" /Fd"Debug\vc100.pdb" /Gd /TP /wd4819 /analyze- /errorReport:prompt CircleTemplateTrace.cpp common_func.cpp image_enhance.cpp junction_cpp.cpp stdafx.cpp windows_acml.cpp
     1>cl : Command line warning D9030: '/Yc' is incompatible with multiprocessing; ignoring /MP switch
         CircleTemplateTrace.cpp
         common_func.cpp
         image_enhance.cpp
         junction_cpp.cpp
         stdafx.cpp
         windows_acml.cpp
       ManifestResourceCompile:
         All outputs are up-to-date.
       Link:
         C:\Program Files (x86)\Microsoft Visual Studio 10.0\VC\bin\link.exe /ERRORREPORT:PROMPT /OUT:"E:\ct-contour-reconstruction\Debug\damascene_win.exe" /INCREMENTAL /NOLOGO /LIBPATH:..\clapack\lib /LIBPATH:"C:\ProgramData\NVIDIA Corporation\NVIDIA GPU Computing SDK 5.0\C\common\lib\Win32" /LIBPATH:..\cutil\lib /LIBPATH:"C:\Program Files\NVIDIA GPU Computing Toolkit\CUDA\v5.0\lib\Win32" cuda.lib cudart.lib cublas.lib cutil.lib kernel32.lib user32.lib gdi32.lib winspool.lib comdlg32.lib advapi32.lib shell32.lib ole32.lib oleaut32.lib uuid.lib odbc32.lib odbccp32.lib /MANIFEST /ManifestFile:"Debug\damascene_win.exe.intermediate.manifest" /MANIFESTUAC:"level='asInvoker' uiAccess='false'" /DEBUG /PDB:"E:\ct-contour-reconstruction\Debug\damascene_win.pdb" /SUBSYSTEM:CONSOLE /TLBID:1 /DYNAMICBASE /NXCOMPAT /IMPLIB:"E:\ct-contour-reconstruction\Debug\damascene_win.lib" /MACHINE:X86 Debug\combine.cu.obj
         Debug\convert.cu.obj
         Debug\csr.cu.obj
         Debug\damascene.cu.obj
         Debug\globalPb.cu.obj
         Debug\intervening.cu.obj
         Debug\gradient.cu.obj
         Debug\localcues.cu.obj
         Debug\parabola.cu.obj
         Debug\rotate.cu.obj
         Debug\nonmax.cu.obj
         Debug\lanczos.cu.obj
         Debug\pgm.cu.obj
         Debug\skeleton.cu.obj
         Debug\spectralPb.cu.obj
         Debug\stencilMVM.cu.obj
         Debug\kmeans.cu.obj
         Debug\texton.cu.obj
         Debug\cuda_common.cu.obj
         Debug\damascene_win.exe.embed.manifest.res
         Debug\CircleTemplateTrace.obj
         Debug\LCGRandom.obj
         Debug\common_func.obj
         Debug\image_enhance.obj
         Debug\junction_cpp.obj
         Debug\LineSegTrace.obj
         Debug\windows_acml.obj
         Debug\stdafx.obj
         Debug\Stencil.obj
         Debug\filters.obj
       Manifest:
         C:\Program Files (x86)\Microsoft SDKs\Windows\v7.0A\bin\mt.exe /nologo /verbose /out:"Debug\damascene_win.exe.embed.manifest" /manifest Debug\damascene_win.exe.intermediate.manifest
         All outputs are up-to-date.
       LinkEmbedManifest:
         All outputs are up-to-date.
         damascene_win.vcxproj -> E:\ct-contour-reconstruction\Debug\damascene_win.exe
       FinalizeBuildStatus:
         Deleting file "Debug\damascene_win.unsuccessfulbuild".
         Touching "Debug\damascene_win.lastbuildstate".
     1>Done Building Project "E:\ct-contour-reconstruction\damascene_win\damascene_win.vcxproj" (build target(s)).

Build succeeded.

Time Elapsed 00:00:03.50
