E:\CT-CONTOUR-RECONSTRUCTION\DAMASCENE_WIN\RELEASE\CIRCLETEMPLATETRACE.OBJ
E:\ct-contour-reconstruction\damascene_win\Release\CL.1112.read.1.tlog
E:\ct-contour-reconstruction\damascene_win\Release\CL.1112.write.1.tlog
E:\ct-contour-reconstruction\damascene_win\Release\CL.1756.read.1.tlog
E:\ct-contour-reconstruction\damascene_win\Release\CL.1756.write.1.tlog
E:\ct-contour-reconstruction\damascene_win\Release\CL.2424.read.1.tlog
E:\ct-contour-reconstruction\damascene_win\Release\CL.2424.write.1.tlog
E:\ct-contour-reconstruction\damascene_win\Release\CL.3248.read.1.tlog
E:\ct-contour-reconstruction\damascene_win\Release\CL.3248.write.1.tlog
E:\ct-contour-reconstruction\damascene_win\Release\CL.3928.read.1.tlog
E:\ct-contour-reconstruction\damascene_win\Release\CL.3928.write.1.tlog
E:\ct-contour-reconstruction\damascene_win\Release\CL.3964.read.1.tlog
E:\ct-contour-reconstruction\damascene_win\Release\CL.3964.write.1.tlog
E:\ct-contour-reconstruction\damascene_win\Release\CL.4820.read.1.tlog
E:\ct-contour-reconstruction\damascene_win\Release\CL.4820.write.1.tlog
E:\ct-contour-reconstruction\damascene_win\Release\CL.5780.read.1.tlog
E:\ct-contour-reconstruction\damascene_win\Release\CL.5780.write.1.tlog
E:\ct-contour-reconstruction\damascene_win\Release\cl.command.1.tlog
E:\ct-contour-reconstruction\damascene_win\Release\CL.read.1.tlog
E:\ct-contour-reconstruction\damascene_win\Release\CL.write.1.tlog
E:\ct-contour-reconstruction\damascene_win\Release\combine.64.cu.cache
E:\ct-contour-reconstruction\damascene_win\Release\combine.cu.cache
E:\ct-contour-reconstruction\damascene_win\Release\combine.cu.obj
E:\ct-contour-reconstruction\damascene_win\Release\combinemain.cu.cache
E:\CT-CONTOUR-RECONSTRUCTION\DAMASCENE_WIN\RELEASE\COMMON_FUNC.OBJ
E:\ct-contour-reconstruction\damascene_win\Release\convert.cu.cache
E:\ct-contour-reconstruction\damascene_win\Release\convert.cu.obj
E:\ct-contour-reconstruction\damascene_win\Release\convertmain.cu.cache
E:\ct-contour-reconstruction\damascene_win\Release\cuda_common.cu.cache
E:\ct-contour-reconstruction\damascene_win\Release\cuda_common.cu.obj
E:\ct-contour-reconstruction\damascene_win\Release\damascene.cu.cache
E:\ct-contour-reconstruction\damascene_win\Release\damascene.cu.obj
E:\CT-CONTOUR-RECONSTRUCTION\DAMASCENE_WIN\RELEASE\DAMASCENE_WIN.EXE.INTERMEDIATE.MANIFEST
E:\CT-CONTOUR-RECONSTRUCTION\DAMASCENE_WIN\RELEASE\DAMASCENE_WIN.PCH
E:\ct-contour-reconstruction\damascene_win\Release\damascene_win.write.1.tlog
E:\CT-CONTOUR-RECONSTRUCTION\DAMASCENE_WIN\RELEASE\FILTERS.OBJ
E:\ct-contour-reconstruction\damascene_win\Release\globalPb.cu.cache
E:\ct-contour-reconstruction\damascene_win\Release\globalPb.cu.obj
E:\ct-contour-reconstruction\damascene_win\Release\gpbmain.cu.cache
E:\ct-contour-reconstruction\damascene_win\Release\gradient.64.cu.cache
E:\ct-contour-reconstruction\damascene_win\Release\gradient.64.cu.obj
E:\ct-contour-reconstruction\damascene_win\Release\gradient.cu.cache
E:\ct-contour-reconstruction\damascene_win\Release\gradient.cu.obj
E:\CT-CONTOUR-RECONSTRUCTION\DAMASCENE_WIN\RELEASE\IMAGE_ENHANCE.OBJ
E:\ct-contour-reconstruction\damascene_win\Release\intervening.cu.cache
E:\ct-contour-reconstruction\damascene_win\Release\intervening.cu.obj
E:\ct-contour-reconstruction\damascene_win\Release\interveningmain.cu.cache
E:\ct-contour-reconstruction\damascene_win\Release\junction.cu.cache
E:\ct-contour-reconstruction\damascene_win\Release\junction.cu.obj
E:\CT-CONTOUR-RECONSTRUCTION\DAMASCENE_WIN\RELEASE\JUNCTION_CPP.OBJ
E:\ct-contour-reconstruction\damascene_win\Release\kmeans.64.cu.cache
E:\ct-contour-reconstruction\damascene_win\Release\kmeans.cu.cache
E:\ct-contour-reconstruction\damascene_win\Release\kmeans.cu.obj
E:\ct-contour-reconstruction\damascene_win\Release\kmeans_noatomics.cu.cache
E:\ct-contour-reconstruction\damascene_win\Release\lanczos.cu.cache
E:\ct-contour-reconstruction\damascene_win\Release\lanczos.cu.obj
E:\ct-contour-reconstruction\damascene_win\Release\lanczosmain.cu.cache
E:\CT-CONTOUR-RECONSTRUCTION\DAMASCENE_WIN\RELEASE\LCGRANDOM.OBJ
E:\CT-CONTOUR-RECONSTRUCTION\DAMASCENE_WIN\RELEASE\LINESEGTRACE.OBJ
E:\ct-contour-reconstruction\damascene_win\Release\link.command.1.tlog
E:\ct-contour-reconstruction\damascene_win\Release\link.read.1.tlog
E:\ct-contour-reconstruction\damascene_win\Release\link.write.1.tlog
E:\ct-contour-reconstruction\damascene_win\Release\localcues.64.cu.cache
E:\ct-contour-reconstruction\damascene_win\Release\localcues.cu.cache
E:\ct-contour-reconstruction\damascene_win\Release\localcues.cu.obj
E:\ct-contour-reconstruction\damascene_win\Release\localcuesmain.cu.cache
E:\ct-contour-reconstruction\damascene_win\Release\main.cu.cache
E:\ct-contour-reconstruction\damascene_win\Release\MemTest.cu.cache
E:\ct-contour-reconstruction\damascene_win\Release\mt.command.1.tlog
E:\ct-contour-reconstruction\damascene_win\Release\mt.read.1.tlog
E:\ct-contour-reconstruction\damascene_win\Release\mt.write.1.tlog
E:\ct-contour-reconstruction\damascene_win\Release\nonmax.cu.cache
E:\ct-contour-reconstruction\damascene_win\Release\nonmax.cu.obj
E:\ct-contour-reconstruction\damascene_win\Release\nonmaxmain.cu.cache
E:\ct-contour-reconstruction\damascene_win\Release\parabola.cu.cache
E:\ct-contour-reconstruction\damascene_win\Release\parabola.cu.obj
E:\ct-contour-reconstruction\damascene_win\Release\postprocessmain.cu.cache
E:\ct-contour-reconstruction\damascene_win\Release\rotate.64.cu.cache
E:\ct-contour-reconstruction\damascene_win\Release\rotate.64.cu.obj
E:\ct-contour-reconstruction\damascene_win\Release\rotate.cu.cache
E:\ct-contour-reconstruction\damascene_win\Release\rotate.cu.obj
E:\ct-contour-reconstruction\damascene_win\Release\skeleton.cu.cache
E:\ct-contour-reconstruction\damascene_win\Release\skeleton.cu.obj
E:\ct-contour-reconstruction\damascene_win\Release\spbmain.cu.cache
E:\ct-contour-reconstruction\damascene_win\Release\spectralPb.cu.cache
E:\ct-contour-reconstruction\damascene_win\Release\spectralPb.cu.obj
E:\ct-contour-reconstruction\damascene_win\Release\spectralPb_kernel.cu.cache
E:\CT-CONTOUR-RECONSTRUCTION\DAMASCENE_WIN\RELEASE\STDAFX.OBJ
E:\CT-CONTOUR-RECONSTRUCTION\DAMASCENE_WIN\RELEASE\STENCIL.OBJ
E:\ct-contour-reconstruction\damascene_win\Release\stencilMVM.cu.cache
E:\ct-contour-reconstruction\damascene_win\Release\stencilMVM.cu.obj
E:\ct-contour-reconstruction\damascene_win\Release\texton.64.cu.cache
E:\ct-contour-reconstruction\damascene_win\Release\texton.cu.cache
E:\ct-contour-reconstruction\damascene_win\Release\texton.cu.obj
E:\ct-contour-reconstruction\damascene_win\Release\textonFilterMain.cu.cache
E:\CT-CONTOUR-RECONSTRUCTION\DAMASCENE_WIN\RELEASE\VC100.PDB
E:\CT-CONTOUR-RECONSTRUCTION\DAMASCENE_WIN\RELEASE\WINDOWS_ACML.OBJ
E:\CT-CONTOUR-RECONSTRUCTION\RELEASE\DAMASCENE_WIN.EXE
E:\CT-CONTOUR-RECONSTRUCTION\RELEASE\DAMASCENE_WIN.PDB
