Build started 2013/4/26 星期五 10:38:01.
     1>Project "E:\ct-contour-reconstruction\damascene_win\damascene_win.vcxproj" on node 2 (build target(s)).
     1>InitializeBuildStatus:
         Creating "Release\damascene_win.unsuccessfulbuild" because "AlwaysCreate" was specified.
       AddCudaCompileDeps:
       Skipping target "AddCudaCompileDeps" because all output files are up-to-date with respect to the input files.
       AddCudaCompileDeps:
       Skipping target "AddCudaCompileDeps" because all output files are up-to-date with respect to the input files.
       AddCudaCompileDeps:
       Skipping target "AddCudaCompileDeps" because all output files are up-to-date with respect to the input files.
       AddCudaCompileDeps:
       Skipping target "AddCudaCompileDeps" because all output files are up-to-date with respect to the input files.
       AddCudaCompileDeps:
       Skipping target "AddCudaCompileDeps" because all output files are up-to-date with respect to the input files.
       AddCudaCompileDeps:
       Skipping target "AddCudaCompileDeps" because all output files are up-to-date with respect to the input files.
       AddCudaCompileDeps:
       Skipping target "AddCudaCompileDeps" because all output files are up-to-date with respect to the input files.
       AddCudaCompileDeps:
       Skipping target "AddCudaCompileDeps" because all output files are up-to-date with respect to the input files.
       AddCudaCompileDeps:
       Skipping target "AddCudaCompileDeps" because all output files are up-to-date with respect to the input files.
       AddCudaCompileDeps:
       Skipping target "AddCudaCompileDeps" because all output files are up-to-date with respect to the input files.
       AddCudaCompileDeps:
       Skipping target "AddCudaCompileDeps" because all output files are up-to-date with respect to the input files.
       AddCudaCompileDeps:
         C:\Program Files (x86)\Microsoft Visual Studio 10.0\VC\bin\cl.exe /E /nologo /showIncludes /TP /D__CUDACC__ /DWIN32 /D_RELEASE /D_CONSOLE /DHAVE_LAPACK_CONFIG_H /DLAPACK_COMPLEX_STRUCTURE /DADD_ /D_MBCS /I"C:\ProgramData\NVIDIA Corporation\NVIDIA GPU Computing SDK 5.0\C\common\inc" /I"C:\ProgramData\NVIDIA Corporation\CUDA Samples\v5.0\common\inc" /I.\include /I. /I..\getopt9\include /I..\cutil\include /I"C:\ProgramData\NVIDIA Corporation\NVIDIA GPU Computing SDK 5.0\C\common\inc" /I"C:\ProgramData\NVIDIA Corporation\CUDA Samples\v5.0\common\inc" /I.\include /I.\ /I..\getopt9\include /I..\cutil\include /I"C:\Program Files\NVIDIA GPU Computing Toolkit\CUDA\v5.0\bin" /I"C:\Program Files\NVIDIA GPU Computing Toolkit\CUDA\v5.0\include" /I. /FIcuda_runtime.h /c E:\ct-contour-reconstruction\damascene_win\noReorthog\lanczos.cu 
       AddCudaCompileDeps:
       Skipping target "AddCudaCompileDeps" because all output files are up-to-date with respect to the input files.
       AddCudaCompileDeps:
       Skipping target "AddCudaCompileDeps" because all output files are up-to-date with respect to the input files.
       AddCudaCompileDeps:
       Skipping target "AddCudaCompileDeps" because all output files are up-to-date with respect to the input files.
       AddCudaCompileDeps:
       Skipping target "AddCudaCompileDeps" because all output files are up-to-date with respect to the input files.
       AddCudaCompileDeps:
       Skipping target "AddCudaCompileDeps" because all output files are up-to-date with respect to the input files.
       AddCudaCompileDeps:
       Skipping target "AddCudaCompileDeps" because all output files are up-to-date with respect to the input files.
       AddCudaCompilePropsDeps:
       Skipping target "AddCudaCompilePropsDeps" because all output files are up-to-date with respect to the input files.
       AddCudaCompilePropsDeps:
       Skipping target "AddCudaCompilePropsDeps" because all output files are up-to-date with respect to the input files.
       AddCudaCompilePropsDeps:
       Skipping target "AddCudaCompilePropsDeps" because all output files are up-to-date with respect to the input files.
       AddCudaCompilePropsDeps:
       Skipping target "AddCudaCompilePropsDeps" because all output files are up-to-date with respect to the input files.
       AddCudaCompilePropsDeps:
       Skipping target "AddCudaCompilePropsDeps" because all output files are up-to-date with respect to the input files.
       AddCudaCompilePropsDeps:
       Skipping target "AddCudaCompilePropsDeps" because all output files are up-to-date with respect to the input files.
       AddCudaCompilePropsDeps:
       Skipping target "AddCudaCompilePropsDeps" because all output files are up-to-date with respect to the input files.
       AddCudaCompilePropsDeps:
       Skipping target "AddCudaCompilePropsDeps" because all output files are up-to-date with respect to the input files.
       AddCudaCompilePropsDeps:
       Skipping target "AddCudaCompilePropsDeps" because all output files are up-to-date with respect to the input files.
       AddCudaCompilePropsDeps:
       Skipping target "AddCudaCompilePropsDeps" because all output files are up-to-date with respect to the input files.
       AddCudaCompilePropsDeps:
       Skipping target "AddCudaCompilePropsDeps" because all output files are up-to-date with respect to the input files.
       AddCudaCompilePropsDeps:
       Skipping target "AddCudaCompilePropsDeps" because all output files are up-to-date with respect to the input files.
       AddCudaCompilePropsDeps:
       Skipping target "AddCudaCompilePropsDeps" because all output files are up-to-date with respect to the input files.
       AddCudaCompilePropsDeps:
       Skipping target "AddCudaCompilePropsDeps" because all output files are up-to-date with respect to the input files.
       AddCudaCompilePropsDeps:
       Skipping target "AddCudaCompilePropsDeps" because all output files are up-to-date with respect to the input files.
       AddCudaCompilePropsDeps:
       Skipping target "AddCudaCompilePropsDeps" because all output files are up-to-date with respect to the input files.
       AddCudaCompilePropsDeps:
       Skipping target "AddCudaCompilePropsDeps" because all output files are up-to-date with respect to the input files.
       AddCudaCompilePropsDeps:
       Skipping target "AddCudaCompilePropsDeps" because all output files are up-to-date with respect to the input files.
       AddCudaCompilePropsDeps:
       Skipping target "AddCudaCompilePropsDeps" because all output files are up-to-date with respect to the input files.
       AddCudaCompilePropsDeps:
       Skipping target "AddCudaCompilePropsDeps" because all output files are up-to-date with respect to the input files.
       AddCudaCompilePropsDeps:
       Skipping target "AddCudaCompilePropsDeps" because all output files are up-to-date with respect to the input files.
       AddCudaCompilePropsDeps:
       Skipping target "AddCudaCompilePropsDeps" because all output files are up-to-date with respect to the input files.
       AddCudaCompilePropsDeps:
       Skipping target "AddCudaCompilePropsDeps" because all output files are up-to-date with respect to the input files.
       AddCudaCompilePropsDeps:
       Skipping target "AddCudaCompilePropsDeps" because all output files are up-to-date with respect to the input files.
       AddCudaCompilePropsDeps:
       Skipping target "AddCudaCompilePropsDeps" because all output files are up-to-date with respect to the input files.
       AddCudaCompilePropsDeps:
       Skipping target "AddCudaCompilePropsDeps" because all output files are up-to-date with respect to the input files.
       AddCudaCompilePropsDeps:
       Skipping target "AddCudaCompilePropsDeps" because all output files are up-to-date with respect to the input files.
       AddCudaCompilePropsDeps:
       Skipping target "AddCudaCompilePropsDeps" because all output files are up-to-date with respect to the input files.
       AddCudaCompilePropsDeps:
       Skipping target "AddCudaCompilePropsDeps" because all output files are up-to-date with respect to the input files.
       AddCudaCompilePropsDeps:
       Skipping target "AddCudaCompilePropsDeps" because all output files are up-to-date with respect to the input files.
       AddCudaCompilePropsDeps:
       Skipping target "AddCudaCompilePropsDeps" because all output files are up-to-date with respect to the input files.
       AddCudaCompilePropsDeps:
       Skipping target "AddCudaCompilePropsDeps" because all output files are up-to-date with respect to the input files.
       AddCudaCompilePropsDeps:
       Skipping target "AddCudaCompilePropsDeps" because all output files are up-to-date with respect to the input files.
       AddCudaCompilePropsDeps:
       Skipping target "AddCudaCompilePropsDeps" because all output files are up-to-date with respect to the input files.
       AddCudaCompilePropsDeps:
       Skipping target "AddCudaCompilePropsDeps" because all output files are up-to-date with respect to the input files.
       AddCudaCompilePropsDeps:
       Skipping target "AddCudaCompilePropsDeps" because all output files are up-to-date with respect to the input files.
       AddCudaCompilePropsDeps:
       Skipping target "AddCudaCompilePropsDeps" because all output files are up-to-date with respect to the input files.
       AddCudaCompilePropsDeps:
       Skipping target "AddCudaCompilePropsDeps" because all output files are up-to-date with respect to the input files.
       CudaBuild:
         Skipping CUDA source file combine\combine.64.cu (excluded from build).
       CudaBuild:
       Skipping target "CudaBuild" because all output files are up-to-date with respect to the input files.
       CudaBuild:
         Skipping CUDA source file combine\combinemain.cu (excluded from build).
       CudaBuild:
         Skipping CUDA source file combine\main.cu (excluded from build).
         Skipping CUDA source file intervening\main.cu (excluded from build).
         Skipping CUDA source file stencilMatrixMultiply\main.cu (excluded from build).
       CudaBuild:
       Skipping target "CudaBuild" because all output files are up-to-date with respect to the input files.
       CudaBuild:
         Skipping CUDA source file convert\convertmain.cu (excluded from build).
       CudaBuild:
       Skipping target "CudaBuild" because all output files are up-to-date with respect to the input files.
       CudaBuild:
       Skipping target "CudaBuild" because all output files are up-to-date with respect to the input files.
       CudaBuild:
         Skipping CUDA source file gPb\gpbmain.cu (excluded from build).
       CudaBuild:
       Skipping target "CudaBuild" because all output files are up-to-date with respect to the input files.
       CudaBuild:
         Skipping CUDA source file intervening\interveningmain.cu (excluded from build).
       CudaBuild:
       Skipping target "CudaBuild" because all output files are up-to-date with respect to the input files.
       CudaBuild:
         Skipping CUDA source file localcues\gradient.64.cu (excluded from build).
       CudaBuild:
       Skipping target "CudaBuild" because all output files are up-to-date with respect to the input files.
       CudaBuild:
         Skipping CUDA source file localcues\localcues.64.cu (excluded from build).
       CudaBuild:
       Skipping target "CudaBuild" because all output files are up-to-date with respect to the input files.
       CudaBuild:
         Skipping CUDA source file localcues\localcuesmain.cu (excluded from build).
       CudaBuild:
       Skipping target "CudaBuild" because all output files are up-to-date with respect to the input files.
       CudaBuild:
         Skipping CUDA source file localcues\rotate.64.cu (excluded from build).
       CudaBuild:
       Skipping target "CudaBuild" because all output files are up-to-date with respect to the input files.
       CudaBuild:
         Skipping CUDA source file MemTest.cu (excluded from build).
       CudaBuild:
       Skipping target "CudaBuild" because all output files are up-to-date with respect to the input files.
       CudaBuild:
         Skipping CUDA source file nonmax\nonmaxmain.cu (excluded from build).
       CudaBuild:
         Compiling CUDA source file noReorthog\lanczos.cu...
         cmd.exe /C "C:\Users\Xinglongliu\AppData\Local\Temp\tmp32ff65523b154dc99d0e6a01e9aa1c6f.cmd"
         "C:\Program Files\NVIDIA GPU Computing Toolkit\CUDA\v5.0\bin\nvcc.exe" -gencode=arch=compute_30,code=\"sm_30,compute_30\" --use-local-env --cl-version 2010 -ccbin "C:\Program Files (x86)\Microsoft Visual Studio 10.0\VC\bin"  -I"C:\ProgramData\NVIDIA Corporation\NVIDIA GPU Computing SDK 5.0\C\common\inc" -I"C:\ProgramData\NVIDIA Corporation\CUDA Samples\v5.0\common\inc" -I".\include" -I"." -I"..\getopt9\include" -I"..\cutil\include" -I"C:\ProgramData\NVIDIA Corporation\NVIDIA GPU Computing SDK 5.0\C\common\inc" -I"C:\ProgramData\NVIDIA Corporation\CUDA Samples\v5.0\common\inc" -I".\include" -I".\\" -I"..\getopt9\include" -I"..\cutil\include" -I"C:\Program Files\NVIDIA GPU Computing Toolkit\CUDA\v5.0\include"     --keep-dir "Release" -maxrregcount=0  --machine 32 --compile    -use_fast_math -DWIN32 -D_RELEASE -D_CONSOLE -DHAVE_LAPACK_CONFIG_H -DLAPACK_COMPLEX_STRUCTURE -DADD_ -D_MBCS -Xcompiler "/EHsc /W3 /nologo /O2 /Zi  /MT  " -o "Release\lanczos.cu.obj" "E:\ct-contour-reconstruction\damascene_win\noReorthog\lanczos.cu"
         
         E:\ct-contour-reconstruction\damascene_win>"C:\Program Files\NVIDIA GPU Computing Toolkit\CUDA\v5.0\bin\nvcc.exe" -gencode=arch=compute_30,code=\"sm_30,compute_30\" --use-local-env --cl-version 2010 -ccbin "C:\Program Files (x86)\Microsoft Visual Studio 10.0\VC\bin"  -I"C:\ProgramData\NVIDIA Corporation\NVIDIA GPU Computing SDK 5.0\C\common\inc" -I"C:\ProgramData\NVIDIA Corporation\CUDA Samples\v5.0\common\inc" -I".\include" -I"." -I"..\getopt9\include" -I"..\cutil\include" -I"C:\ProgramData\NVIDIA Corporation\NVIDIA GPU Computing SDK 5.0\C\common\inc" -I"C:\ProgramData\NVIDIA Corporation\CUDA Samples\v5.0\common\inc" -I".\include" -I".\\" -I"..\getopt9\include" -I"..\cutil\include" -I"C:\Program Files\NVIDIA GPU Computing Toolkit\CUDA\v5.0\include"     --keep-dir "Release" -maxrregcount=0  --machine 32 --compile    -use_fast_math -DWIN32 -D_RELEASE -D_CONSOLE -DHAVE_LAPACK_CONFIG_H -DLAPACK_COMPLEX_STRUCTURE -DADD_ -D_MBCS -Xcompiler "/EHsc /W3 /nologo /O2 /Zi  /MT  " -o "Release\lanczos.cu.obj" "E:\ct-contour-reconstruction\damascene_win\noReorthog\lanczos.cu" 
         lanczos.cu
         tmpxft_00001018_00000000-2_lanczos.cudafe1.gpu
         tmpxft_00001018_00000000-7_lanczos.cudafe2.gpu
         lanczos.cu
         tmpxft_00001018_00000000-2_lanczos.cudafe1.cpp
         tmpxft_00001018_00000000-12_lanczos.ii
     1>E:/ct-contour-reconstruction/damascene_win/noReorthog/lanczos.cu(359): warning C4244: '=' : conversion from 'double' to 'float', possible loss of data
     1>E:/ct-contour-reconstruction/damascene_win/noReorthog/lanczos.cu(364): warning C4018: '<' : signed/unsigned mismatch
     1>E:/ct-contour-reconstruction/damascene_win/noReorthog/lanczos.cu(366): warning C4018: '>=' : signed/unsigned mismatch
     1>E:/ct-contour-reconstruction/damascene_win/noReorthog/lanczos.cu(445): warning C4244: '=' : conversion from 'double' to 'float', possible loss of data
       CudaBuild:
         Skipping CUDA source file noReorthog\lanczosmain.cu (excluded from build).
       CudaBuild:
         Skipping CUDA source file noReorthog\spectralPb_kernel.cu (excluded from build).
       CudaBuild:
         Skipping CUDA source file postprocess\postprocessmain.cu (excluded from build).
       CudaBuild:
       Skipping target "CudaBuild" because all output files are up-to-date with respect to the input files.
       CudaBuild:
         Skipping CUDA source file sPb\spbmain.cu (excluded from build).
       CudaBuild:
       Skipping target "CudaBuild" because all output files are up-to-date with respect to the input files.
       CudaBuild:
       Skipping target "CudaBuild" because all output files are up-to-date with respect to the input files.
       CudaBuild:
         Skipping CUDA source file textons\kmeans.64.cu (excluded from build).
       CudaBuild:
       Skipping target "CudaBuild" because all output files are up-to-date with respect to the input files.
       CudaBuild:
         Skipping CUDA source file textons\kmeans_noatomics.cu (excluded from build).
       CudaBuild:
         Skipping CUDA source file textons\texton.64.cu (excluded from build).
       CudaBuild:
       Skipping target "CudaBuild" because all output files are up-to-date with respect to the input files.
       CudaBuild:
         Skipping CUDA source file textons\textonFilterMain.cu (excluded from build).
       CudaBuild:
       Skipping target "CudaBuild" because all output files are up-to-date with respect to the input files.
       ClCompile:
         All outputs are up-to-date.
         All outputs are up-to-date.
       Link:
         C:\Program Files (x86)\Microsoft Visual Studio 10.0\VC\bin\link.exe /ERRORREPORT:PROMPT /OUT:"E:\ct-contour-reconstruction\Release\damascene_win.exe" /INCREMENTAL:NO /NOLOGO /LIBPATH:"C:\ProgramData\NVIDIA Corporation\NVIDIA GPU Computing SDK 5.0\C\common\lib\Win32" /LIBPATH:..\cutil\lib /LIBPATH:"C:\Program Files\NVIDIA GPU Computing Toolkit\CUDA\v5.0\lib\Win32" cuda.lib cudart.lib cublas.lib cutil.lib kernel32.lib user32.lib gdi32.lib winspool.lib comdlg32.lib advapi32.lib shell32.lib ole32.lib oleaut32.lib uuid.lib odbc32.lib odbccp32.lib /MANIFEST /ManifestFile:"Release\damascene_win.exe.intermediate.manifest" /MANIFESTUAC:"level='asInvoker' uiAccess='false'" /DEBUG /PDB:"E:\ct-contour-reconstruction\Release\damascene_win.pdb" /SUBSYSTEM:CONSOLE /OPT:REF /OPT:ICF /LTCG /TLBID:1 /DYNAMICBASE /NXCOMPAT /IMPLIB:"E:\ct-contour-reconstruction\Release\damascene_win.lib" /MACHINE:X86 Release\combine.cu.obj
         Release\convert.cu.obj
         Release\damascene.cu.obj
         Release\globalPb.cu.obj
         Release\intervening.cu.obj
         Release\junction.cu.obj
         Release\gradient.cu.obj
         Release\localcues.cu.obj
         Release\parabola.cu.obj
         Release\rotate.cu.obj
         Release\nonmax.cu.obj
         Release\lanczos.cu.obj
         Release\skeleton.cu.obj
         Release\spectralPb.cu.obj
         Release\stencilMVM.cu.obj
         Release\kmeans.cu.obj
         Release\texton.cu.obj
         Release\cuda_common.cu.obj
         Release\CircleTemplateTrace.obj
         Release\LCGRandom.obj
         Release\common_func.obj
         Release\image_enhance.obj
         Release\junction_cpp.obj
         Release\LineSegTrace.obj
         Release\windows_acml.obj
         Release\stdafx.obj
         Release\Stencil.obj
         Release\filters.obj
         Generating code
         Finished generating code
         damascene_win.vcxproj -> E:\ct-contour-reconstruction\Release\damascene_win.exe
       Manifest:
         C:\Program Files (x86)\Microsoft SDKs\Windows\v7.0A\bin\mt.exe /nologo /verbose /outputresource:"E:\ct-contour-reconstruction\Release\damascene_win.exe;#1" /manifest Release\damascene_win.exe.intermediate.manifest
       FinalizeBuildStatus:
         Deleting file "Release\damascene_win.unsuccessfulbuild".
         Touching "Release\damascene_win.lastbuildstate".
     1>Done Building Project "E:\ct-contour-reconstruction\damascene_win\damascene_win.vcxproj" (build target(s)).

Build succeeded.

Time Elapsed 00:00:10.13
